app/build/outputs/logs/manifest-merger-debug-report.txt
-- Merging decision tree log ---
manifest
ADDED from src/main/AndroidManifest.xml:2:1-24:12
INJECTED from src/main/AndroidManifest.xml:2:1-24:12
INJECTED from src/main/AndroidManifest.xml:2:1-24:12
INJECTED from src/main/AndroidManifest.xml:2:1-24:12
MERGED from [org.jetbrains.anko:anko:0.10.7] AndroidManifest.xml:2:1-13:12
MERGED from [org.jetbrains.anko:anko-appcompat-v7:0.10.7] AndroidManifest.xml:2:1-13:12
MERGED from [org.jetbrains.anko:anko-appcompat-v7-coroutines:0.10.7] AndroidManifest.xml:2:1-13:12
MERGED from [org.jetbrains.anko:anko-design:0.10.7] AndroidManifest.xml:2:1-13:12
MERGED from [org.jetbrains.anko:anko-design-coroutines:0.10.7] AndroidManifest.xml:2:1-13:12
MERGED from [org.jetbrains.anko:anko-recyclerview-v7:0.10.7] AndroidManifest.xml:2:1-13:12
MERGED from [org.jetbrains.anko:anko-recyclerview-v7-coroutines:0.10.7] AndroidManifest.xml:2:1-13:12
MERGED from [org.jetbrains.anko:design-base:0.10.7] AndroidManifest.xml:2:1-11:12
MERGED from [com.android.support:design:27.1.1] AndroidManifest.xml:17:1-22:12
MERGED from [org.jetbrains.anko:anko-appcompat-v7-commons:0.10.7] AndroidManifest.xml:2:1-13:12
MERGED from [org.jetbrains.anko:appcompatV7-base:0.10.7] AndroidManifest.xml:2:1-11:12
MERGED from [com.android.support:appcompat-v7:28.0.0] AndroidManifest.xml:17:1-22:12
MERGED from [com.android.support.constraint:constraint-layout:1.1.3] AndroidManifest.xml:2:1-11:12
MERGED from [com.android.support:recyclerview-v7:28.0.0] AndroidManifest.xml:17:1-22:12
MERGED from [com.github.bumptech.glide:glide:4.8.0] AndroidManifest.xml:2:1-12:12
MERGED from [org.jetbrains.anko:anko-sqlite:0.10.7] AndroidManifest.xml:2:1-13:12
MERGED from [org.jetbrains.anko:anko-sdk27:0.10.7] AndroidManifest.xml:2:1-13:12
MERGED from [org.jetbrains.anko:anko-sdk27-coroutines:0.10.7] AndroidManifest.xml:2:1-13:12
MERGED from [org.jetbrains.anko:anko-support-v4:0.10.7] AndroidManifest.xml:2:1-13:12
MERGED from [org.jetbrains.anko:anko-support-v4-commons:0.10.7] AndroidManifest.xml:2:1-13:12
MERGED from [org.jetbrains.anko:anko-commons:0.10.7] AndroidManifest.xml:2:1-13:12
MERGED from [org.jetbrains.anko:anko-coroutines:0.10.7] AndroidManifest.xml:2:1-13:12
MERGED from [org.jetbrains.anko:sqlite-base:0.10.7] AndroidManifest.xml:2:1-11:12
MERGED from [org.jetbrains.anko:platform-base:0.10.7] AndroidManifest.xml:2:1-11:12
MERGED from [org.jetbrains.anko:supportV4-base:0.10.7] AndroidManifest.xml:2:1-11:12
MERGED from [org.jetbrains.anko:commons-base:0.10.7] AndroidManifest.xml:2:1-11:12
MERGED from [com.github.bumptech.glide:gifdecoder:4.8.0] AndroidManifest.xml:2:1-11:12
MERGED from [com.android.support:support-v4:27.1.1] AndroidManifest.xml:17:1-22:12
MERGED from [com.android.support:support-fragment:28.0.0] AndroidManifest.xml:17:1-22:12
MERGED from [com.android.support:transition:27.1.1] AndroidManifest.xml:17:1-22:12
MERGED from [com.android.support:support-media-compat:27.1.1] AndroidManifest.xml:17:1-22:12
MERGED from [com.android.support:animated-vector-drawable:28.0.0] AndroidManifest.xml:17:1-22:12
MERGED from [com.android.support:support-vector-drawable:28.0.0] AndroidManifest.xml:17:1-22:12
MERGED from [com.android.support:support-core-ui:28.0.0] AndroidManifest.xml:17:1-22:12
MERGED from [com.android.support:support-core-utils:28.0.0] AndroidManifest.xml:17:1-22:12
MERGED from [com.android.support:loader:28.0.0] AndroidManifest.xml:17:1-22:12
MERGED from [com.android.support:viewpager:28.0.0] AndroidManifest.xml:17:1-22:12
MERGED from [com.android.support:coordinatorlayout:28.0.0] AndroidManifest.xml:17:1-22:12
MERGED from [com.android.support:drawerlayout:28.0.0] AndroidManifest.xml:17:1-22:12
MERGED from [com.android.support:slidingpanelayout:28.0.0] AndroidManifest.xml:17:1-22:12
MERGED from [com.android.support:customview:28.0.0] AndroidManifest.xml:17:1-22:12
MERGED from [com.android.support:swiperefreshlayout:28.0.0] AndroidManifest.xml:17:1-22:12
MERGED from [com.android.support:asynclayoutinflater:28.0.0] AndroidManifest.xml:17:1-22:12
MERGED from [com.android.support:support-compat:28.0.0] AndroidManifest.xml:17:1-24:12
MERGED from [com.android.support:versionedparcelable:28.0.0] AndroidManifest.xml:17:1-25:12
MERGED from [com.android.support:cursoradapter:28.0.0] AndroidManifest.xml:17:1-22:12
MERGED from [com.android.support:documentfile:28.0.0] AndroidManifest.xml:17:1-22:12
MERGED from [com.android.support:localbroadcastmanager:28.0.0] AndroidManifest.xml:17:1-22:12
MERGED from [com.android.support:print:28.0.0] AndroidManifest.xml:17:1-22:12
MERGED from [com.android.support:interpolator:28.0.0] AndroidManifest.xml:17:1-22:12
MERGED from [android.arch.lifecycle:runtime:1.1.1] AndroidManifest.xml:17:1-22:12
MERGED from [android.arch.lifecycle:viewmodel:1.1.1] AndroidManifest.xml:17:1-22:12
MERGED from [android.arch.lifecycle:livedata:1.1.1] AndroidManifest.xml:17:1-22:12
MERGED from [android.arch.lifecycle:livedata-core:1.1.1] AndroidManifest.xml:17:1-22:12
MERGED from [android.arch.core:runtime:1.1.1] AndroidManifest.xml:17:1-22:12
INJECTED from src/main/AndroidManifest.xml:2:1-24:12
INJECTED from src/main/AndroidManifest.xml:2:1-24:12
INJECTED from src/main/AndroidManifest.xml:2:1-24:12
	package
		ADDED from src/main/AndroidManifest.xml:4:11-46
		INJECTED from src/main/AndroidManifest.xml
		INJECTED from src/main/AndroidManifest.xml
	android:versionName
		INJECTED from src/main/AndroidManifest.xml
		ADDED from src/main/AndroidManifest.xml:2:1-24:12
		INJECTED from src/main/AndroidManifest.xml
	xmlns:tools
		ADDED from src/main/AndroidManifest.xml:3:11-57
	android:versionCode
		INJECTED from src/main/AndroidManifest.xml
		ADDED from src/main/AndroidManifest.xml:2:1-24:12
		INJECTED from src/main/AndroidManifest.xml
	xmlns:android
		ADDED from src/main/AndroidManifest.xml:2:11-69
application
ADDED from src/main/AndroidManifest.xml:6:5-22:19
MERGED from [org.jetbrains.anko:anko:0.10.7] AndroidManifest.xml:11:5-20
MERGED from [org.jetbrains.anko:anko:0.10.7] AndroidManifest.xml:11:5-20
MERGED from [org.jetbrains.anko:anko-appcompat-v7:0.10.7] AndroidManifest.xml:11:5-20
MERGED from [org.jetbrains.anko:anko-appcompat-v7:0.10.7] AndroidManifest.xml:11:5-20
MERGED from [org.jetbrains.anko:anko-appcompat-v7-coroutines:0.10.7] AndroidManifest.xml:11:5-20
MERGED from [org.jetbrains.anko:anko-appcompat-v7-coroutines:0.10.7] AndroidManifest.xml:11:5-20
MERGED from [org.jetbrains.anko:anko-design:0.10.7] AndroidManifest.xml:11:5-20
MERGED from [org.jetbrains.anko:anko-design:0.10.7] AndroidManifest.xml:11:5-20
MERGED from [org.jetbrains.anko:anko-design-coroutines:0.10.7] AndroidManifest.xml:11:5-20
MERGED from [org.jetbrains.anko:anko-design-coroutines:0.10.7] AndroidManifest.xml:11:5-20
MERGED from [org.jetbrains.anko:anko-recyclerview-v7:0.10.7] AndroidManifest.xml:11:5-20
MERGED from [org.jetbrains.anko:anko-recyclerview-v7:0.10.7] AndroidManifest.xml:11:5-20
MERGED from [org.jetbrains.anko:anko-recyclerview-v7-coroutines:0.10.7] AndroidManifest.xml:11:5-20
MERGED from [org.jetbrains.anko:anko-recyclerview-v7-coroutines:0.10.7] AndroidManifest.xml:11:5-20
MERGED from [org.jetbrains.anko:anko-appcompat-v7-commons:0.10.7] AndroidManifest.xml:11:5-20
MERGED from [org.jetbrains.anko:anko-appcompat-v7-commons:0.10.7] AndroidManifest.xml:11:5-20
MERGED from [com.android.support.constraint:constraint-layout:1.1.3] AndroidManifest.xml:9:5-20
MERGED from [com.android.support.constraint:constraint-layout:1.1.3] AndroidManifest.xml:9:5-20
MERGED from [com.github.bumptech.glide:glide:4.8.0] AndroidManifest.xml:10:5-20
MERGED from [com.github.bumptech.glide:glide:4.8.0] AndroidManifest.xml:10:5-20
MERGED from [org.jetbrains.anko:anko-sqlite:0.10.7] AndroidManifest.xml:11:5-20
MERGED from [org.jetbrains.anko:anko-sqlite:0.10.7] AndroidManifest.xml:11:5-20
MERGED from [org.jetbrains.anko:anko-sdk27:0.10.7] AndroidManifest.xml:11:5-20
MERGED from [org.jetbrains.anko:anko-sdk27:0.10.7] AndroidManifest.xml:11:5-20
MERGED from [org.jetbrains.anko:anko-sdk27-coroutines:0.10.7] AndroidManifest.xml:11:5-20
MERGED from [org.jetbrains.anko:anko-sdk27-coroutines:0.10.7] AndroidManifest.xml:11:5-20
MERGED from [org.jetbrains.anko:anko-support-v4:0.10.7] AndroidManifest.xml:11:5-20
MERGED from [org.jetbrains.anko:anko-support-v4:0.10.7] AndroidManifest.xml:11:5-20
MERGED from [org.jetbrains.anko:anko-support-v4-commons:0.10.7] AndroidManifest.xml:11:5-20
MERGED from [org.jetbrains.anko:anko-support-v4-commons:0.10.7] AndroidManifest.xml:11:5-20
MERGED from [org.jetbrains.anko:anko-commons:0.10.7] AndroidManifest.xml:11:5-20
MERGED from [org.jetbrains.anko:anko-commons:0.10.7] AndroidManifest.xml:11:5-20
MERGED from [org.jetbrains.anko:anko-coroutines:0.10.7] AndroidManifest.xml:11:5-20
MERGED from [org.jetbrains.anko:anko-coroutines:0.10.7] AndroidManifest.xml:11:5-20
MERGED from [com.github.bumptech.glide:gifdecoder:4.8.0] AndroidManifest.xml:9:5-20
MERGED from [com.github.bumptech.glide:gifdecoder:4.8.0] AndroidManifest.xml:9:5-20
MERGED from [com.android.support:support-compat:28.0.0] AndroidManifest.xml:22:5-94
MERGED from [com.android.support:support-compat:28.0.0] AndroidManifest.xml:22:5-94
MERGED from [com.android.support:versionedparcelable:28.0.0] AndroidManifest.xml:22:5-23:19
MERGED from [com.android.support:versionedparcelable:28.0.0] AndroidManifest.xml:22:5-23:19
	android:appComponentFactory
		ADDED from [com.android.support:support-compat:28.0.0] AndroidManifest.xml:22:18-91
	android:supportsRtl
		ADDED from src/main/AndroidManifest.xml:11:13-39
	android:label
		ADDED from src/main/AndroidManifest.xml:9:13-45
	android:roundIcon
		ADDED from src/main/AndroidManifest.xml:10:13-58
	android:icon
		ADDED from src/main/AndroidManifest.xml:8:13-47
	android:allowBackup
		ADDED from src/main/AndroidManifest.xml:7:13-39
	android:theme
		ADDED from src/main/AndroidManifest.xml:12:13-44
activity#burhanarifm.footballclubs.activities.MainActivity
ADDED from src/main/AndroidManifest.xml:13:9-19:20
	android:name
		ADDED from src/main/AndroidManifest.xml:13:19-58
intent-filter#action:name:android.intent.action.MAIN+category:name:android.intent.category.LAUNCHER
ADDED from src/main/AndroidManifest.xml:14:13-18:29
action#android.intent.action.MAIN
ADDED from src/main/AndroidManifest.xml:15:17-68
	android:name
		ADDED from src/main/AndroidManifest.xml:15:25-66
category#android.intent.category.LAUNCHER
ADDED from src/main/AndroidManifest.xml:17:17-76
	android:name
		ADDED from src/main/AndroidManifest.xml:17:27-74
activity#burhanarifm.footballclubs.activities.DetailsActivity
ADDED from src/main/AndroidManifest.xml:20:9-21:20
	android:name
		ADDED from src/main/AndroidManifest.xml:20:19-61
uses-sdk
INJECTED from src/main/AndroidManifest.xml reason: use-sdk injection requested
INJECTED from src/main/AndroidManifest.xml
INJECTED from src/main/AndroidManifest.xml
MERGED from [org.jetbrains.anko:anko:0.10.7] AndroidManifest.xml:7:5-9:41
MERGED from [org.jetbrains.anko:anko:0.10.7] AndroidManifest.xml:7:5-9:41
MERGED from [org.jetbrains.anko:anko-appcompat-v7:0.10.7] AndroidManifest.xml:7:5-9:41
MERGED from [org.jetbrains.anko:anko-appcompat-v7:0.10.7] AndroidManifest.xml:7:5-9:41
MERGED from [org.jetbrains.anko:anko-appcompat-v7-coroutines:0.10.7] AndroidManifest.xml:7:5-9:41
MERGED from [org.jetbrains.anko:anko-appcompat-v7-coroutines:0.10.7] AndroidManifest.xml:7:5-9:41
MERGED from [org.jetbrains.anko:anko-design:0.10.7] AndroidManifest.xml:7:5-9:41
MERGED from [org.jetbrains.anko:anko-design:0.10.7] AndroidManifest.xml:7:5-9:41
MERGED from [org.jetbrains.anko:anko-design-coroutines:0.10.7] AndroidManifest.xml:7:5-9:41
MERGED from [org.jetbrains.anko:anko-design-coroutines:0.10.7] AndroidManifest.xml:7:5-9:41
MERGED from [org.jetbrains.anko:anko-recyclerview-v7:0.10.7] AndroidManifest.xml:7:5-9:41
MERGED from [org.jetbrains.anko:anko-recyclerview-v7:0.10.7] AndroidManifest.xml:7:5-9:41
MERGED from [org.jetbrains.anko:anko-recyclerview-v7-coroutines:0.10.7] AndroidManifest.xml:7:5-9:41
MERGED from [org.jetbrains.anko:anko-recyclerview-v7-coroutines:0.10.7] AndroidManifest.xml:7:5-9:41
MERGED from [org.jetbrains.anko:design-base:0.10.7] AndroidManifest.xml:7:5-9:41
MERGED from [org.jetbrains.anko:design-base:0.10.7] AndroidManifest.xml:7:5-9:41
MERGED from [com.android.support:design:27.1.1] AndroidManifest.xml:20:5-44
MERGED from [com.android.support:design:27.1.1] AndroidManifest.xml:20:5-44
MERGED from [org.jetbrains.anko:anko-appcompat-v7-commons:0.10.7] AndroidManifest.xml:7:5-9:41
MERGED from [org.jetbrains.anko:anko-appcompat-v7-commons:0.10.7] AndroidManifest.xml:7:5-9:41
MERGED from [org.jetbrains.anko:appcompatV7-base:0.10.7] AndroidManifest.xml:7:5-9:41
MERGED from [org.jetbrains.anko:appcompatV7-base:0.10.7] AndroidManifest.xml:7:5-9:41
MERGED from [com.android.support:appcompat-v7:28.0.0] AndroidManifest.xml:20:5-44
MERGED from [com.android.support:appcompat-v7:28.0.0] AndroidManifest.xml:20:5-44
MERGED from [com.android.support.constraint:constraint-layout:1.1.3] AndroidManifest.xml:5:5-7:41
MERGED from [com.android.support.constraint:constraint-layout:1.1.3] AndroidManifest.xml:5:5-7:41
MERGED from [com.android.support:recyclerview-v7:28.0.0] AndroidManifest.xml:20:5-44
MERGED from [com.android.support:recyclerview-v7:28.0.0] AndroidManifest.xml:20:5-44
MERGED from [com.github.bumptech.glide:glide:4.8.0] AndroidManifest.xml:6:5-8:41
MERGED from [com.github.bumptech.glide:glide:4.8.0] AndroidManifest.xml:6:5-8:41
MERGED from [org.jetbrains.anko:anko-sqlite:0.10.7] AndroidManifest.xml:7:5-9:41
MERGED from [org.jetbrains.anko:anko-sqlite:0.10.7] AndroidManifest.xml:7:5-9:41
MERGED from [org.jetbrains.anko:anko-sdk27:0.10.7] AndroidManifest.xml:7:5-9:41
MERGED from [org.jetbrains.anko:anko-sdk27:0.10.7] AndroidManifest.xml:7:5-9:41
MERGED from [org.jetbrains.anko:anko-sdk27-coroutines:0.10.7] AndroidManifest.xml:7:5-9:41
MERGED from [org.jetbrains.anko:anko-sdk27-coroutines:0.10.7] AndroidManifest.xml:7:5-9:41
MERGED from [org.jetbrains.anko:anko-support-v4:0.10.7] AndroidManifest.xml:7:5-9:41
MERGED from [org.jetbrains.anko:anko-support-v4:0.10.7] AndroidManifest.xml:7:5-9:41
MERGED from [org.jetbrains.anko:anko-support-v4-commons:0.10.7] AndroidManifest.xml:7:5-9:41
MERGED from [org.jetbrains.anko:anko-support-v4-commons:0.10.7] AndroidManifest.xml:7:5-9:41
MERGED from [org.jetbrains.anko:anko-commons:0.10.7] AndroidManifest.xml:7:5-9:41
MERGED from [org.jetbrains.anko:anko-commons:0.10.7] AndroidManifest.xml:7:5-9:41
MERGED from [org.jetbrains.anko:anko-coroutines:0.10.7] AndroidManifest.xml:7:5-9:41
MERGED from [org.jetbrains.anko:anko-coroutines:0.10.7] AndroidManifest.xml:7:5-9:41
MERGED from [org.jetbrains.anko:sqlite-base:0.10.7] AndroidManifest.xml:7:5-9:41
MERGED from [org.jetbrains.anko:sqlite-base:0.10.7] AndroidManifest.xml:7:5-9:41
MERGED from [org.jetbrains.anko:platform-base:0.10.7] AndroidManifest.xml:7:5-9:41
MERGED from [org.jetbrains.anko:platform-base:0.10.7] AndroidManifest.xml:7:5-9:41
MERGED from [org.jetbrains.anko:supportV4-base:0.10.7] AndroidManifest.xml:7:5-9:41
MERGED from [org.jetbrains.anko:supportV4-base:0.10.7] AndroidManifest.xml:7:5-9:41
MERGED from [org.jetbrains.anko:commons-base:0.10.7] AndroidManifest.xml:7:5-9:41
MERGED from [org.jetbrains.anko:commons-base:0.10.7] AndroidManifest.xml:7:5-9:41
MERGED from [com.github.bumptech.glide:gifdecoder:4.8.0] AndroidManifest.xml:5:5-7:41
MERGED from [com.github.bumptech.glide:gifdecoder:4.8.0] AndroidManifest.xml:5:5-7:41
MERGED from [com.android.support:support-v4:27.1.1] AndroidManifest.xml:20:5-44
MERGED from [com.android.support:support-v4:27.1.1] AndroidManifest.xml:20:5-44
MERGED from [com.android.support:support-fragment:28.0.0] AndroidManifest.xml:20:5-44
MERGED from [com.android.support:support-fragment:28.0.0] AndroidManifest.xml:20:5-44
MERGED from [com.android.support:transition:27.1.1] AndroidManifest.xml:20:5-44
MERGED from [com.android.support:transition:27.1.1] AndroidManifest.xml:20:5-44
MERGED from [com.android.support:support-media-compat:27.1.1] AndroidManifest.xml:20:5-44
MERGED from [com.android.support:support-media-compat:27.1.1] AndroidManifest.xml:20:5-44
MERGED from [com.android.support:animated-vector-drawable:28.0.0] AndroidManifest.xml:20:5-44
MERGED from [com.android.support:animated-vector-drawable:28.0.0] AndroidManifest.xml:20:5-44
MERGED from [com.android.support:support-vector-drawable:28.0.0] AndroidManifest.xml:20:5-44
MERGED from [com.android.support:support-vector-drawable:28.0.0] AndroidManifest.xml:20:5-44
MERGED from [com.android.support:support-core-ui:28.0.0] AndroidManifest.xml:20:5-44
MERGED from [com.android.support:support-core-ui:28.0.0] AndroidManifest.xml:20:5-44
MERGED from [com.android.support:support-core-utils:28.0.0] AndroidManifest.xml:20:5-44
MERGED from [com.android.support:support-core-utils:28.0.0] AndroidManifest.xml:20:5-44
MERGED from [com.android.support:loader:28.0.0] AndroidManifest.xml:20:5-44
MERGED from [com.android.support:loader:28.0.0] AndroidManifest.xml:20:5-44
MERGED from [com.android.support:viewpager:28.0.0] AndroidManifest.xml:20:5-44
MERGED from [com.android.support:viewpager:28.0.0] AndroidManifest.xml:20:5-44
MERGED from [com.android.support:coordinatorlayout:28.0.0] AndroidManifest.xml:20:5-44
MERGED from [com.android.support:coordinatorlayout:28.0.0] AndroidManifest.xml:20:5-44
MERGED from [com.android.support:drawerlayout:28.0.0] AndroidManifest.xml:20:5-44
MERGED from [com.android.support:drawerlayout:28.0.0] AndroidManifest.xml:20:5-44
MERGED from [com.android.support:slidingpanelayout:28.0.0] AndroidManifest.xml:20:5-44
MERGED from [com.android.support:slidingpanelayout:28.0.0] AndroidManifest.xml:20:5-44
MERGED from [com.android.support:customview:28.0.0] AndroidManifest.xml:20:5-44
MERGED from [com.android.support:customview:28.0.0] AndroidManifest.xml:20:5-44
MERGED from [com.android.support:swiperefreshlayout:28.0.0] AndroidManifest.xml:20:5-44
MERGED from [com.android.support:swiperefreshlayout:28.0.0] AndroidManifest.xml:20:5-44
MERGED from [com.android.support:asynclayoutinflater:28.0.0] AndroidManifest.xml:20:5-44
MERGED from [com.android.support:asynclayoutinflater:28.0.0] AndroidManifest.xml:20:5-44
MERGED from [com.android.support:support-compat:28.0.0] AndroidManifest.xml:20:5-44
MERGED from [com.android.support:support-compat:28.0.0] AndroidManifest.xml:20:5-44
MERGED from [com.android.support:versionedparcelable:28.0.0] AndroidManifest.xml:20:5-44
MERGED from [com.android.support:versionedparcelable:28.0.0] AndroidManifest.xml:20:5-44
MERGED from [com.android.support:cursoradapter:28.0.0] AndroidManifest.xml:20:5-44
MERGED from [com.android.support:cursoradapter:28.0.0] AndroidManifest.xml:20:5-44
MERGED from [com.android.support:documentfile:28.0.0] AndroidManifest.xml:20:5-44
MERGED from [com.android.support:documentfile:28.0.0] AndroidManifest.xml:20:5-44
MERGED from [com.android.support:localbroadcastmanager:28.0.0] AndroidManifest.xml:20:5-44
MERGED from [com.android.support:localbroadcastmanager:28.0.0] AndroidManifest.xml:20:5-44
MERGED from [com.android.support:print:28.0.0] AndroidManifest.xml:20:5-44
MERGED from [com.android.support:print:28.0.0] AndroidManifest.xml:20:5-44
MERGED from [com.android.support:interpolator:28.0.0] AndroidManifest.xml:20:5-44
MERGED from [com.android.support:interpolator:28.0.0] AndroidManifest.xml:20:5-44
MERGED from [android.arch.lifecycle:runtime:1.1.1] AndroidManifest.xml:20:5-44
MERGED from [android.arch.lifecycle:runtime:1.1.1] AndroidManifest.xml:20:5-44
MERGED from [android.arch.lifecycle:viewmodel:1.1.1] AndroidManifest.xml:20:5-44
MERGED from [android.arch.lifecycle:viewmodel:1.1.1] AndroidManifest.xml:20:5-44
MERGED from [android.arch.lifecycle:livedata:1.1.1] AndroidManifest.xml:20:5-44
MERGED from [android.arch.lifecycle:livedata:1.1.1] AndroidManifest.xml:20:5-44
MERGED from [android.arch.lifecycle:livedata-core:1.1.1] AndroidManifest.xml:20:5-44
MERGED from [android.arch.lifecycle:livedata-core:1.1.1] AndroidManifest.xml:20:5-44
MERGED from [android.arch.core:runtime:1.1.1] AndroidManifest.xml:20:5-44
MERGED from [android.arch.core:runtime:1.1.1] AndroidManifest.xml:20:5-44
INJECTED from src/main/AndroidManifest.xml
INJECTED from src/main/AndroidManifest.xml
	android:targetSdkVersion
		INJECTED from src/main/AndroidManifest.xml
		ADDED from src/main/AndroidManifest.xml
		INJECTED from src/main/AndroidManifest.xml
	android:minSdkVersion
		INJECTED from src/main/AndroidManifest.xml
		ADDED from src/main/AndroidManifest.xml
		INJECTED from src/main/AndroidManifest.xml